<?xml version="1.0" encoding="UTF-8"?>
<!-- Generated by org.testng.reporters.JUnitReportReporter -->
<testsuite hostname="Spidy" failures="0" tests="9" name="com.comcast.crm.contact_Testngtest.Contact_CrossBrowserTest" time="203.581" errors="0" timestamp="07 Sept 2024 11:53:32 GMT" skipped="0">
  <testcase classname="com.comcast.crm.contact_Testngtest.Contact_CrossBrowserTest" name="createContactWithSupportDateTest" time="22.151"/>
  <testcase classname="com.comcast.crm.contact_Testngtest.Contact_CrossBrowserTest" name="createcontactWithOrgTest" time="30.539"/>
  <testcase classname="com.comcast.crm.contact_Testngtest.Contact_CrossBrowserTest" name="createcontactWithOrgTest" time="31.586"/>
  <testcase classname="com.comcast.crm.contact_Testngtest.Contact_CrossBrowserTest" name="createContactWithSupportDateTest" time="16.827"/>
  <testcase classname="com.comcast.crm.contact_Testngtest.Contact_CrossBrowserTest" name="createcontactWithOrgTest" time="24.527"/>
  <testcase classname="com.comcast.crm.contact_Testngtest.Contact_CrossBrowserTest" name="createContactTest" time="20.279"/>
  <testcase classname="com.comcast.crm.contact_Testngtest.Contact_CrossBrowserTest" name="createContactTest" time="20.242"/>
  <testcase classname="com.comcast.crm.contact_Testngtest.Contact_CrossBrowserTest" name="createContactTest" time="15.668"/>
  <testcase classname="com.comcast.crm.contact_Testngtest.Contact_CrossBrowserTest" name="createContactWithSupportDateTest" time="21.762"/>
</testsuite> <!-- com.comcast.crm.contact_Testngtest.Contact_CrossBrowserTest -->
