<?xml version="1.0" encoding="UTF-8"?>
<!-- Generated by org.testng.reporters.JUnitReportReporter -->
<testsuite hostname="Spidy" failures="0" tests="4" name="practice.test.GetProductInfoTest" time="28.627" errors="0" timestamp="29 Aug 2024 11:00:54 GMT" skipped="0">
  <testcase classname="practice.test.GetProductInfoTest" name="productInfo" time="7.791"/>
  <testcase classname="practice.test.GetProductInfoTest" name="productInfo" time="5.865"/>
  <testcase classname="practice.test.GetProductInfoTest" name="productInfo" time="7.632"/>
  <testcase classname="practice.test.GetProductInfoTest" name="productInfo" time="7.339"/>
</testsuite> <!-- practice.test.GetProductInfoTest -->
