<?xml version="1.0" encoding="UTF-8"?>
<!-- Generated by org.testng.reporters.JUnitReportReporter -->
<testsuite hostname="Spidy" failures="0" tests="1" name="practice.pom.repository.SampleTestWithPOM" time="5.243" errors="0" timestamp="24 Aug 2024 07:36:27 GMT" skipped="0">
  <testcase classname="practice.pom.repository.SampleTestWithPOM" name="sampleTest" time="5.243"/>
</testsuite> <!-- practice.pom.repository.SampleTestWithPOM -->
