<?xml version="1.0" encoding="UTF-8"?>
<!-- Generated by org.testng.reporters.JUnitReportReporter -->
<testsuite hostname="Spidy" failures="0" tests="1" name="com.comcast.crm.org_Testngtest.DeleteOrganizationTest" time="26.327" errors="0" timestamp="31 Aug 2024 12:55:10 GMT" skipped="0">
  <testcase classname="com.comcast.crm.org_Testngtest.DeleteOrganizationTest" name="deleteOrganizationTest" time="26.327"/>
</testsuite> <!-- com.comcast.crm.org_Testngtest.DeleteOrganizationTest -->
