<?xml version="1.0" encoding="UTF-8"?>
<!-- Generated by org.testng.reporters.JUnitReportReporter -->
<testsuite hostname="Spidy" failures="0" tests="1" name="com.comcast.crm.contact_Testngtest.CreateContactWithOrgTest" time="24.746" errors="0" timestamp="02 Sept 2024 05:03:02 GMT" skipped="0">
  <testcase classname="com.comcast.crm.contact_Testngtest.CreateContactWithOrgTest" name="createcontactWithOrgTest" time="24.746"/>
</testsuite> <!-- com.comcast.crm.contact_Testngtest.CreateContactWithOrgTest -->
