<?xml version="1.0" encoding="UTF-8"?>
<!-- Generated by org.testng.reporters.JUnitReportReporter -->
<testsuite hostname="Spidy" failures="0" tests="3" name="com.comcast.crm.org_Testngtest.CreateOrganizationTest" time="91.169" errors="0" timestamp="03 Sept 2024 16:08:47 GMT" skipped="0">
  <testcase classname="com.comcast.crm.org_Testngtest.CreateOrganizationTest" name="createOrganizationWithIndustriesTest" time="18.948"/>
  <testcase classname="com.comcast.crm.org_Testngtest.CreateOrganizationTest" name="createOrganizationTest" time="41.572"/>
  <testcase classname="com.comcast.crm.org_Testngtest.CreateOrganizationTest" name="createOrganizationWithPhoneNumberTest" time="30.649"/>
</testsuite> <!-- com.comcast.crm.org_Testngtest.CreateOrganizationTest -->
