<?xml version="1.0" encoding="UTF-8"?>
<!-- Generated by org.testng.reporters.JUnitReportReporter -->
<testsuite hostname="Spidy" failures="0" tests="2" name="com.comcast.crm.org_Testngtest.OrganizationTest" time="20.364" errors="0" timestamp="14 Oct 2024 08:29:21 GMT" skipped="1">
  <testcase classname="com.comcast.crm.org_Testngtest.OrganizationTest" name="createOrganizationTest" time="20.364"/>
  <testcase classname="com.comcast.crm.org_Testngtest.OrganizationTest" name="deleteOrganizationTest">
    <skipped/>
  </testcase> <!-- deleteOrganizationTest -->
</testsuite> <!-- com.comcast.crm.org_Testngtest.OrganizationTest -->
