<?xml version="1.0" encoding="UTF-8"?>
<!-- Generated by org.testng.reporters.JUnitReportReporter -->
<testsuite hostname="Spidy" failures="0" tests="1" name="com.comcast.crm.contact_Testngtest.CreateContactTest" time="18.194" errors="0" timestamp="03 Sept 2024 18:34:39 GMT" skipped="0">
  <testcase classname="com.comcast.crm.contact_Testngtest.CreateContactTest" name="createContactWithSupportDateTest" time="18.194"/>
</testsuite> <!-- com.comcast.crm.contact_Testngtest.CreateContactTest -->
