<?xml version="1.0" encoding="UTF-8"?>
<!-- Generated by org.testng.reporters.JUnitReportReporter -->
<testsuite hostname="Spidy" failures="0" tests="1" name="com.comcast.crm.contact_Testngtest.CreateContactWithSupportDateTest" time="22.981" errors="0" timestamp="31 Aug 2024 12:55:10 GMT" skipped="0">
  <testcase classname="com.comcast.crm.contact_Testngtest.CreateContactWithSupportDateTest" name="createContactWithSupportDateTest" time="22.981"/>
</testsuite> <!-- com.comcast.crm.contact_Testngtest.CreateContactWithSupportDateTest -->
