<?xml version="1.0" encoding="UTF-8"?>
<!-- Generated by org.testng.reporters.JUnitReportReporter -->
<testsuite hostname="Spidy" failures="0" tests="1" name="com.comcast.crm.contact_Testngtest.ContactTest" time="19.054" errors="0" timestamp="14 Oct 2024 08:29:21 GMT" skipped="0">
  <testcase classname="com.comcast.crm.contact_Testngtest.ContactTest" name="createContactTest" time="19.054"/>
</testsuite> <!-- com.comcast.crm.contact_Testngtest.ContactTest -->
