<?xml version="1.0" encoding="UTF-8"?>
<!-- Generated by org.testng.reporters.JUnitReportReporter -->
<testsuite hostname="Spidy" failures="0" tests="1" name="com.comcast.crm.org_Testngtest.Organization_CrossBrowserTest" time="22.772" errors="0" timestamp="07 Sept 2024 12:03:59 GMT" skipped="0">
  <testcase classname="com.comcast.crm.org_Testngtest.Organization_CrossBrowserTest" name="deleteOrganizationTest" time="22.772"/>
</testsuite> <!-- com.comcast.crm.org_Testngtest.Organization_CrossBrowserTest -->
